<?xml version="1.0" encoding="UTF-8"?>
<!-- Generated by org.testng.reporters.JUnitReportReporter -->
<testsuite hostname="tejasvi-ov3z" failures="0" tests="1" name="base.BaseSetup" time="8.045" errors="0" timestamp="2021-03-25T11:52:20 GMT" skipped="0">
  <testcase classname="base.BaseSetup" name="getDriver" time="8.045"/>
  <system-out/>
</testsuite> <!-- base.BaseSetup -->
