<?xml version="1.0" encoding="UTF-8"?>
<!-- Generated by org.testng.reporters.JUnitReportReporter -->
<testsuite hostname="tejasvi-ov3z" failures="0" tests="1" name="testCases.TestCase1" time="4.225" errors="0" timestamp="2021-03-25T13:34:27 GMT" skipped="0">
  <testcase classname="testCases.TestCase1" name="TC1" time="4.225"/>
  <system-out/>
</testsuite> <!-- testCases.TestCase1 -->
